<?xml version="1.0" encoding="UTF-8"?>
<testsuite xmlns:xsi="http://www.w3.org/2001/XMLSchema-instance" xsi:noNamespaceSchemaLocation="https://maven.apache.org/surefire/maven-surefire-plugin/xsd/surefire-test-report.xsd" name="com.matas.liteconstruct.TestJdbcSlowApplicationTests" time="27.73" tests="1" errors="0" skipped="0" failures="0">
  <properties>
    <property name="sun.desktop" value="windows"/>
    <property name="awt.toolkit" value="sun.awt.windows.WToolkit"/>
    <property name="java.specification.version" value="12"/>
    <property name="sun.cpu.isalist" value="amd64"/>
    <property name="sun.jnu.encoding" value="Cp1252"/>
    <property name="java.class.path" value="C:\Users\ENGENEER\eclipse-workspace\TestJDBCSlow\target\test-classes;C:\Users\ENGENEER\eclipse-workspace\TestJDBCSlow\target\classes;C:\Users\ENGENEER\.m2\repository\org\springframework\boot\spring-boot-starter-web\2.2.2.BUILD-SNAPSHOT\spring-boot-starter-web-2.2.2.BUILD-SNAPSHOT.jar;C:\Users\ENGENEER\.m2\repository\org\springframework\boot\spring-boot-starter\2.2.2.BUILD-SNAPSHOT\spring-boot-starter-2.2.2.BUILD-SNAPSHOT.jar;C:\Users\ENGENEER\.m2\repository\org\springframework\boot\spring-boot-starter-logging\2.2.2.BUILD-SNAPSHOT\spring-boot-starter-logging-2.2.2.BUILD-SNAPSHOT.jar;C:\Users\ENGENEER\.m2\repository\ch\qos\logback\logback-classic\1.2.3\logback-classic-1.2.3.jar;C:\Users\ENGENEER\.m2\repository\ch\qos\logback\logback-core\1.2.3\logback-core-1.2.3.jar;C:\Users\ENGENEER\.m2\repository\org\apache\logging\log4j\log4j-to-slf4j\2.12.1\log4j-to-slf4j-2.12.1.jar;C:\Users\ENGENEER\.m2\repository\org\apache\logging\log4j\log4j-api\2.12.1\log4j-api-2.12.1.jar;C:\Users\ENGENEER\.m2\repository\org\slf4j\jul-to-slf4j\1.7.29\jul-to-slf4j-1.7.29.jar;C:\Users\ENGENEER\.m2\repository\jakarta\annotation\jakarta.annotation-api\1.3.5\jakarta.annotation-api-1.3.5.jar;C:\Users\ENGENEER\.m2\repository\org\yaml\snakeyaml\1.25\snakeyaml-1.25.jar;C:\Users\ENGENEER\.m2\repository\org\springframework\boot\spring-boot-starter-json\2.2.2.BUILD-SNAPSHOT\spring-boot-starter-json-2.2.2.BUILD-SNAPSHOT.jar;C:\Users\ENGENEER\.m2\repository\com\fasterxml\jackson\datatype\jackson-datatype-jsr310\2.10.1\jackson-datatype-jsr310-2.10.1.jar;C:\Users\ENGENEER\.m2\repository\com\fasterxml\jackson\module\jackson-module-parameter-names\2.10.1\jackson-module-parameter-names-2.10.1.jar;C:\Users\ENGENEER\.m2\repository\org\springframework\boot\spring-boot-starter-tomcat\2.2.2.BUILD-SNAPSHOT\spring-boot-starter-tomcat-2.2.2.BUILD-SNAPSHOT.jar;C:\Users\ENGENEER\.m2\repository\org\apache\tomcat\embed\tomcat-embed-core\9.0.29\tomcat-embed-core-9.0.29.jar;C:\Users\ENGENEER\.m2\repository\org\apache\tomcat\embed\tomcat-embed-el\9.0.29\tomcat-embed-el-9.0.29.jar;C:\Users\ENGENEER\.m2\repository\org\apache\tomcat\embed\tomcat-embed-websocket\9.0.29\tomcat-embed-websocket-9.0.29.jar;C:\Users\ENGENEER\.m2\repository\org\springframework\boot\spring-boot-starter-validation\2.2.2.BUILD-SNAPSHOT\spring-boot-starter-validation-2.2.2.BUILD-SNAPSHOT.jar;C:\Users\ENGENEER\.m2\repository\jakarta\validation\jakarta.validation-api\2.0.1\jakarta.validation-api-2.0.1.jar;C:\Users\ENGENEER\.m2\repository\org\hibernate\validator\hibernate-validator\6.0.18.Final\hibernate-validator-6.0.18.Final.jar;C:\Users\ENGENEER\.m2\repository\org\jboss\logging\jboss-logging\3.4.1.Final\jboss-logging-3.4.1.Final.jar;C:\Users\ENGENEER\.m2\repository\com\fasterxml\classmate\1.5.1\classmate-1.5.1.jar;C:\Users\ENGENEER\.m2\repository\org\springframework\spring-web\5.2.2.BUILD-SNAPSHOT\spring-web-5.2.2.BUILD-SNAPSHOT.jar;C:\Users\ENGENEER\.m2\repository\org\springframework\spring-webmvc\5.2.2.BUILD-SNAPSHOT\spring-webmvc-5.2.2.BUILD-SNAPSHOT.jar;C:\Users\ENGENEER\.m2\repository\org\springframework\spring-aop\5.2.2.BUILD-SNAPSHOT\spring-aop-5.2.2.BUILD-SNAPSHOT.jar;C:\Users\ENGENEER\.m2\repository\org\springframework\spring-expression\5.2.2.BUILD-SNAPSHOT\spring-expression-5.2.2.BUILD-SNAPSHOT.jar;C:\Users\ENGENEER\.m2\repository\org\springframework\boot\spring-boot-devtools\2.2.2.BUILD-SNAPSHOT\spring-boot-devtools-2.2.2.BUILD-SNAPSHOT.jar;C:\Users\ENGENEER\.m2\repository\org\springframework\boot\spring-boot\2.2.2.BUILD-SNAPSHOT\spring-boot-2.2.2.BUILD-SNAPSHOT.jar;C:\Users\ENGENEER\.m2\repository\org\springframework\boot\spring-boot-autoconfigure\2.2.2.BUILD-SNAPSHOT\spring-boot-autoconfigure-2.2.2.BUILD-SNAPSHOT.jar;C:\Users\ENGENEER\.m2\repository\org\postgresql\postgresql\42.2.8\postgresql-42.2.8.jar;C:\Users\ENGENEER\.m2\repository\org\projectlombok\lombok\1.18.10\lombok-1.18.10.jar;C:\Users\ENGENEER\.m2\repository\org\springframework\boot\spring-boot-starter-test\2.2.2.BUILD-SNAPSHOT\spring-boot-starter-test-2.2.2.BUILD-SNAPSHOT.jar;C:\Users\ENGENEER\.m2\repository\org\springframework\boot\spring-boot-test\2.2.2.BUILD-SNAPSHOT\spring-boot-test-2.2.2.BUILD-SNAPSHOT.jar;C:\Users\ENGENEER\.m2\repository\org\springframework\boot\spring-boot-test-autoconfigure\2.2.2.BUILD-SNAPSHOT\spring-boot-test-autoconfigure-2.2.2.BUILD-SNAPSHOT.jar;C:\Users\ENGENEER\.m2\repository\com\jayway\jsonpath\json-path\2.4.0\json-path-2.4.0.jar;C:\Users\ENGENEER\.m2\repository\net\minidev\json-smart\2.3\json-smart-2.3.jar;C:\Users\ENGENEER\.m2\repository\net\minidev\accessors-smart\1.2\accessors-smart-1.2.jar;C:\Users\ENGENEER\.m2\repository\org\ow2\asm\asm\5.0.4\asm-5.0.4.jar;C:\Users\ENGENEER\.m2\repository\jakarta\xml\bind\jakarta.xml.bind-api\2.3.2\jakarta.xml.bind-api-2.3.2.jar;C:\Users\ENGENEER\.m2\repository\jakarta\activation\jakarta.activation-api\1.2.1\jakarta.activation-api-1.2.1.jar;C:\Users\ENGENEER\.m2\repository\org\junit\jupiter\junit-jupiter\5.5.2\junit-jupiter-5.5.2.jar;C:\Users\ENGENEER\.m2\repository\org\junit\jupiter\junit-jupiter-api\5.5.2\junit-jupiter-api-5.5.2.jar;C:\Users\ENGENEER\.m2\repository\org\apiguardian\apiguardian-api\1.1.0\apiguardian-api-1.1.0.jar;C:\Users\ENGENEER\.m2\repository\org\opentest4j\opentest4j\1.2.0\opentest4j-1.2.0.jar;C:\Users\ENGENEER\.m2\repository\org\junit\platform\junit-platform-commons\1.5.2\junit-platform-commons-1.5.2.jar;C:\Users\ENGENEER\.m2\repository\org\junit\jupiter\junit-jupiter-params\5.5.2\junit-jupiter-params-5.5.2.jar;C:\Users\ENGENEER\.m2\repository\org\junit\jupiter\junit-jupiter-engine\5.5.2\junit-jupiter-engine-5.5.2.jar;C:\Users\ENGENEER\.m2\repository\org\junit\platform\junit-platform-engine\1.5.2\junit-platform-engine-1.5.2.jar;C:\Users\ENGENEER\.m2\repository\org\mockito\mockito-junit-jupiter\3.1.0\mockito-junit-jupiter-3.1.0.jar;C:\Users\ENGENEER\.m2\repository\org\assertj\assertj-core\3.13.2\assertj-core-3.13.2.jar;C:\Users\ENGENEER\.m2\repository\org\hamcrest\hamcrest\2.1\hamcrest-2.1.jar;C:\Users\ENGENEER\.m2\repository\org\mockito\mockito-core\3.1.0\mockito-core-3.1.0.jar;C:\Users\ENGENEER\.m2\repository\net\bytebuddy\byte-buddy\1.10.3\byte-buddy-1.10.3.jar;C:\Users\ENGENEER\.m2\repository\net\bytebuddy\byte-buddy-agent\1.10.3\byte-buddy-agent-1.10.3.jar;C:\Users\ENGENEER\.m2\repository\org\objenesis\objenesis\2.6\objenesis-2.6.jar;C:\Users\ENGENEER\.m2\repository\org\skyscreamer\jsonassert\1.5.0\jsonassert-1.5.0.jar;C:\Users\ENGENEER\.m2\repository\com\vaadin\external\google\android-json\0.0.20131108.vaadin1\android-json-0.0.20131108.vaadin1.jar;C:\Users\ENGENEER\.m2\repository\org\springframework\spring-core\5.2.2.BUILD-SNAPSHOT\spring-core-5.2.2.BUILD-SNAPSHOT.jar;C:\Users\ENGENEER\.m2\repository\org\springframework\spring-jcl\5.2.2.BUILD-SNAPSHOT\spring-jcl-5.2.2.BUILD-SNAPSHOT.jar;C:\Users\ENGENEER\.m2\repository\org\springframework\spring-test\5.2.2.BUILD-SNAPSHOT\spring-test-5.2.2.BUILD-SNAPSHOT.jar;C:\Users\ENGENEER\.m2\repository\org\xmlunit\xmlunit-core\2.6.3\xmlunit-core-2.6.3.jar;C:\Users\ENGENEER\.m2\repository\com\orbitz\consul\consul-client\1.3.9\consul-client-1.3.9.jar;C:\Users\ENGENEER\.m2\repository\com\squareup\retrofit2\retrofit\2.5.0\retrofit-2.5.0.jar;C:\Users\ENGENEER\.m2\repository\com\squareup\retrofit2\converter-jackson\2.5.0\converter-jackson-2.5.0.jar;C:\Users\ENGENEER\.m2\repository\com\squareup\okhttp3\okhttp\3.14.4\okhttp-3.14.4.jar;C:\Users\ENGENEER\.m2\repository\com\squareup\okio\okio\1.17.2\okio-1.17.2.jar;C:\Users\ENGENEER\.m2\repository\com\google\guava\guava\27.1-jre\guava-27.1-jre.jar;C:\Users\ENGENEER\.m2\repository\com\google\guava\failureaccess\1.0.1\failureaccess-1.0.1.jar;C:\Users\ENGENEER\.m2\repository\com\google\guava\listenablefuture\9999.0-empty-to-avoid-conflict-with-guava\listenablefuture-9999.0-empty-to-avoid-conflict-with-guava.jar;C:\Users\ENGENEER\.m2\repository\org\checkerframework\checker-qual\2.5.2\checker-qual-2.5.2.jar;C:\Users\ENGENEER\.m2\repository\com\google\errorprone\error_prone_annotations\2.2.0\error_prone_annotations-2.2.0.jar;C:\Users\ENGENEER\.m2\repository\com\google\j2objc\j2objc-annotations\1.1\j2objc-annotations-1.1.jar;C:\Users\ENGENEER\.m2\repository\org\codehaus\mojo\animal-sniffer-annotations\1.17\animal-sniffer-annotations-1.17.jar;C:\Users\ENGENEER\.m2\repository\com\google\code\findbugs\jsr305\1.3.9\jsr305-1.3.9.jar;C:\Users\ENGENEER\.m2\repository\com\fasterxml\jackson\core\jackson-annotations\2.10.1\jackson-annotations-2.10.1.jar;C:\Users\ENGENEER\.m2\repository\com\fasterxml\jackson\core\jackson-core\2.10.1\jackson-core-2.10.1.jar;C:\Users\ENGENEER\.m2\repository\com\fasterxml\jackson\core\jackson-databind\2.10.1\jackson-databind-2.10.1.jar;C:\Users\ENGENEER\.m2\repository\com\fasterxml\jackson\datatype\jackson-datatype-jdk8\2.10.1\jackson-datatype-jdk8-2.10.1.jar;C:\Users\ENGENEER\.m2\repository\com\fasterxml\jackson\datatype\jackson-datatype-guava\2.10.1\jackson-datatype-guava-2.10.1.jar;C:\Users\ENGENEER\.m2\repository\org\slf4j\slf4j-api\1.7.29\slf4j-api-1.7.29.jar;C:\Users\ENGENEER\.m2\repository\org\apache\commons\commons-lang3\3.9\commons-lang3-3.9.jar;C:\Users\ENGENEER\.m2\repository\org\apache\ignite\ignite-spring-data_2.0\2.7.6\ignite-spring-data_2.0-2.7.6.jar;C:\Users\ENGENEER\.m2\repository\org\apache\ignite\ignite-core\2.7.6\ignite-core-2.7.6.jar;C:\Users\ENGENEER\.m2\repository\javax\cache\cache-api\1.1.1\cache-api-1.1.1.jar;C:\Users\ENGENEER\.m2\repository\org\jetbrains\annotations\13.0\annotations-13.0.jar;C:\Users\ENGENEER\.m2\repository\org\gridgain\ignite-shmem\1.0.0\ignite-shmem-1.0.0.jar;C:\Users\ENGENEER\.m2\repository\org\apache\ignite\ignite-indexing\2.7.6\ignite-indexing-2.7.6.jar;C:\Users\ENGENEER\.m2\repository\commons-codec\commons-codec\1.13\commons-codec-1.13.jar;C:\Users\ENGENEER\.m2\repository\org\apache\lucene\lucene-core\7.4.0\lucene-core-7.4.0.jar;C:\Users\ENGENEER\.m2\repository\org\apache\lucene\lucene-analyzers-common\7.4.0\lucene-analyzers-common-7.4.0.jar;C:\Users\ENGENEER\.m2\repository\org\apache\lucene\lucene-queryparser\7.4.0\lucene-queryparser-7.4.0.jar;C:\Users\ENGENEER\.m2\repository\org\apache\lucene\lucene-queries\7.4.0\lucene-queries-7.4.0.jar;C:\Users\ENGENEER\.m2\repository\org\apache\lucene\lucene-sandbox\7.4.0\lucene-sandbox-7.4.0.jar;C:\Users\ENGENEER\.m2\repository\com\h2database\h2\1.4.197\h2-1.4.197.jar;C:\Users\ENGENEER\.m2\repository\org\apache\ignite\ignite-spring\2.7.6\ignite-spring-2.7.6.jar;C:\Users\ENGENEER\.m2\repository\commons-logging\commons-logging\1.1.1\commons-logging-1.1.1.jar;C:\Users\ENGENEER\.m2\repository\org\springframework\spring-beans\5.2.2.BUILD-SNAPSHOT\spring-beans-5.2.2.BUILD-SNAPSHOT.jar;C:\Users\ENGENEER\.m2\repository\org\springframework\spring-context\5.2.2.BUILD-SNAPSHOT\spring-context-5.2.2.BUILD-SNAPSHOT.jar;C:\Users\ENGENEER\.m2\repository\org\springframework\spring-tx\5.2.2.BUILD-SNAPSHOT\spring-tx-5.2.2.BUILD-SNAPSHOT.jar;C:\Users\ENGENEER\.m2\repository\org\springframework\data\spring-data-commons\2.0.14.RELEASE\spring-data-commons-2.0.14.RELEASE.jar;C:\Users\ENGENEER\.m2\repository\org\springframework\boot\spring-boot-starter-jdbc\2.2.2.BUILD-SNAPSHOT\spring-boot-starter-jdbc-2.2.2.BUILD-SNAPSHOT.jar;C:\Users\ENGENEER\.m2\repository\com\zaxxer\HikariCP\3.4.1\HikariCP-3.4.1.jar;C:\Users\ENGENEER\.m2\repository\org\springframework\spring-jdbc\5.2.2.BUILD-SNAPSHOT\spring-jdbc-5.2.2.BUILD-SNAPSHOT.jar;"/>
    <property name="java.vm.vendor" value="Oracle Corporation"/>
    <property name="sun.arch.data.model" value="64"/>
    <property name="user.variant" value=""/>
    <property name="java.vendor.url" value="https://java.oracle.com/"/>
    <property name="user.timezone" value="Europe/Kiev"/>
    <property name="os.name" value="Windows 10"/>
    <property name="java.vm.specification.version" value="12"/>
    <property name="sun.java.launcher" value="SUN_STANDARD"/>
    <property name="user.country" value="US"/>
    <property name="sun.boot.library.path" value="C:\Java\jdk-12\bin"/>
    <property name="sun.java.command" value="C:\Users\ENGENEER\AppData\Local\Temp\surefire4833218470059117206\surefirebooter662724783064337041.jar C:\Users\ENGENEER\AppData\Local\Temp\surefire4833218470059117206 2019-12-01T12-36-13_381-jvmRun1 surefire8591471511112816761tmp surefire_08959811953935330753tmp"/>
    <property name="jdk.debug" value="release"/>
    <property name="surefire.test.class.path" value="C:\Users\ENGENEER\eclipse-workspace\TestJDBCSlow\target\test-classes;C:\Users\ENGENEER\eclipse-workspace\TestJDBCSlow\target\classes;C:\Users\ENGENEER\.m2\repository\org\springframework\boot\spring-boot-starter-web\2.2.2.BUILD-SNAPSHOT\spring-boot-starter-web-2.2.2.BUILD-SNAPSHOT.jar;C:\Users\ENGENEER\.m2\repository\org\springframework\boot\spring-boot-starter\2.2.2.BUILD-SNAPSHOT\spring-boot-starter-2.2.2.BUILD-SNAPSHOT.jar;C:\Users\ENGENEER\.m2\repository\org\springframework\boot\spring-boot-starter-logging\2.2.2.BUILD-SNAPSHOT\spring-boot-starter-logging-2.2.2.BUILD-SNAPSHOT.jar;C:\Users\ENGENEER\.m2\repository\ch\qos\logback\logback-classic\1.2.3\logback-classic-1.2.3.jar;C:\Users\ENGENEER\.m2\repository\ch\qos\logback\logback-core\1.2.3\logback-core-1.2.3.jar;C:\Users\ENGENEER\.m2\repository\org\apache\logging\log4j\log4j-to-slf4j\2.12.1\log4j-to-slf4j-2.12.1.jar;C:\Users\ENGENEER\.m2\repository\org\apache\logging\log4j\log4j-api\2.12.1\log4j-api-2.12.1.jar;C:\Users\ENGENEER\.m2\repository\org\slf4j\jul-to-slf4j\1.7.29\jul-to-slf4j-1.7.29.jar;C:\Users\ENGENEER\.m2\repository\jakarta\annotation\jakarta.annotation-api\1.3.5\jakarta.annotation-api-1.3.5.jar;C:\Users\ENGENEER\.m2\repository\org\yaml\snakeyaml\1.25\snakeyaml-1.25.jar;C:\Users\ENGENEER\.m2\repository\org\springframework\boot\spring-boot-starter-json\2.2.2.BUILD-SNAPSHOT\spring-boot-starter-json-2.2.2.BUILD-SNAPSHOT.jar;C:\Users\ENGENEER\.m2\repository\com\fasterxml\jackson\datatype\jackson-datatype-jsr310\2.10.1\jackson-datatype-jsr310-2.10.1.jar;C:\Users\ENGENEER\.m2\repository\com\fasterxml\jackson\module\jackson-module-parameter-names\2.10.1\jackson-module-parameter-names-2.10.1.jar;C:\Users\ENGENEER\.m2\repository\org\springframework\boot\spring-boot-starter-tomcat\2.2.2.BUILD-SNAPSHOT\spring-boot-starter-tomcat-2.2.2.BUILD-SNAPSHOT.jar;C:\Users\ENGENEER\.m2\repository\org\apache\tomcat\embed\tomcat-embed-core\9.0.29\tomcat-embed-core-9.0.29.jar;C:\Users\ENGENEER\.m2\repository\org\apache\tomcat\embed\tomcat-embed-el\9.0.29\tomcat-embed-el-9.0.29.jar;C:\Users\ENGENEER\.m2\repository\org\apache\tomcat\embed\tomcat-embed-websocket\9.0.29\tomcat-embed-websocket-9.0.29.jar;C:\Users\ENGENEER\.m2\repository\org\springframework\boot\spring-boot-starter-validation\2.2.2.BUILD-SNAPSHOT\spring-boot-starter-validation-2.2.2.BUILD-SNAPSHOT.jar;C:\Users\ENGENEER\.m2\repository\jakarta\validation\jakarta.validation-api\2.0.1\jakarta.validation-api-2.0.1.jar;C:\Users\ENGENEER\.m2\repository\org\hibernate\validator\hibernate-validator\6.0.18.Final\hibernate-validator-6.0.18.Final.jar;C:\Users\ENGENEER\.m2\repository\org\jboss\logging\jboss-logging\3.4.1.Final\jboss-logging-3.4.1.Final.jar;C:\Users\ENGENEER\.m2\repository\com\fasterxml\classmate\1.5.1\classmate-1.5.1.jar;C:\Users\ENGENEER\.m2\repository\org\springframework\spring-web\5.2.2.BUILD-SNAPSHOT\spring-web-5.2.2.BUILD-SNAPSHOT.jar;C:\Users\ENGENEER\.m2\repository\org\springframework\spring-webmvc\5.2.2.BUILD-SNAPSHOT\spring-webmvc-5.2.2.BUILD-SNAPSHOT.jar;C:\Users\ENGENEER\.m2\repository\org\springframework\spring-aop\5.2.2.BUILD-SNAPSHOT\spring-aop-5.2.2.BUILD-SNAPSHOT.jar;C:\Users\ENGENEER\.m2\repository\org\springframework\spring-expression\5.2.2.BUILD-SNAPSHOT\spring-expression-5.2.2.BUILD-SNAPSHOT.jar;C:\Users\ENGENEER\.m2\repository\org\springframework\boot\spring-boot-devtools\2.2.2.BUILD-SNAPSHOT\spring-boot-devtools-2.2.2.BUILD-SNAPSHOT.jar;C:\Users\ENGENEER\.m2\repository\org\springframework\boot\spring-boot\2.2.2.BUILD-SNAPSHOT\spring-boot-2.2.2.BUILD-SNAPSHOT.jar;C:\Users\ENGENEER\.m2\repository\org\springframework\boot\spring-boot-autoconfigure\2.2.2.BUILD-SNAPSHOT\spring-boot-autoconfigure-2.2.2.BUILD-SNAPSHOT.jar;C:\Users\ENGENEER\.m2\repository\org\postgresql\postgresql\42.2.8\postgresql-42.2.8.jar;C:\Users\ENGENEER\.m2\repository\org\projectlombok\lombok\1.18.10\lombok-1.18.10.jar;C:\Users\ENGENEER\.m2\repository\org\springframework\boot\spring-boot-starter-test\2.2.2.BUILD-SNAPSHOT\spring-boot-starter-test-2.2.2.BUILD-SNAPSHOT.jar;C:\Users\ENGENEER\.m2\repository\org\springframework\boot\spring-boot-test\2.2.2.BUILD-SNAPSHOT\spring-boot-test-2.2.2.BUILD-SNAPSHOT.jar;C:\Users\ENGENEER\.m2\repository\org\springframework\boot\spring-boot-test-autoconfigure\2.2.2.BUILD-SNAPSHOT\spring-boot-test-autoconfigure-2.2.2.BUILD-SNAPSHOT.jar;C:\Users\ENGENEER\.m2\repository\com\jayway\jsonpath\json-path\2.4.0\json-path-2.4.0.jar;C:\Users\ENGENEER\.m2\repository\net\minidev\json-smart\2.3\json-smart-2.3.jar;C:\Users\ENGENEER\.m2\repository\net\minidev\accessors-smart\1.2\accessors-smart-1.2.jar;C:\Users\ENGENEER\.m2\repository\org\ow2\asm\asm\5.0.4\asm-5.0.4.jar;C:\Users\ENGENEER\.m2\repository\jakarta\xml\bind\jakarta.xml.bind-api\2.3.2\jakarta.xml.bind-api-2.3.2.jar;C:\Users\ENGENEER\.m2\repository\jakarta\activation\jakarta.activation-api\1.2.1\jakarta.activation-api-1.2.1.jar;C:\Users\ENGENEER\.m2\repository\org\junit\jupiter\junit-jupiter\5.5.2\junit-jupiter-5.5.2.jar;C:\Users\ENGENEER\.m2\repository\org\junit\jupiter\junit-jupiter-api\5.5.2\junit-jupiter-api-5.5.2.jar;C:\Users\ENGENEER\.m2\repository\org\apiguardian\apiguardian-api\1.1.0\apiguardian-api-1.1.0.jar;C:\Users\ENGENEER\.m2\repository\org\opentest4j\opentest4j\1.2.0\opentest4j-1.2.0.jar;C:\Users\ENGENEER\.m2\repository\org\junit\platform\junit-platform-commons\1.5.2\junit-platform-commons-1.5.2.jar;C:\Users\ENGENEER\.m2\repository\org\junit\jupiter\junit-jupiter-params\5.5.2\junit-jupiter-params-5.5.2.jar;C:\Users\ENGENEER\.m2\repository\org\junit\jupiter\junit-jupiter-engine\5.5.2\junit-jupiter-engine-5.5.2.jar;C:\Users\ENGENEER\.m2\repository\org\junit\platform\junit-platform-engine\1.5.2\junit-platform-engine-1.5.2.jar;C:\Users\ENGENEER\.m2\repository\org\mockito\mockito-junit-jupiter\3.1.0\mockito-junit-jupiter-3.1.0.jar;C:\Users\ENGENEER\.m2\repository\org\assertj\assertj-core\3.13.2\assertj-core-3.13.2.jar;C:\Users\ENGENEER\.m2\repository\org\hamcrest\hamcrest\2.1\hamcrest-2.1.jar;C:\Users\ENGENEER\.m2\repository\org\mockito\mockito-core\3.1.0\mockito-core-3.1.0.jar;C:\Users\ENGENEER\.m2\repository\net\bytebuddy\byte-buddy\1.10.3\byte-buddy-1.10.3.jar;C:\Users\ENGENEER\.m2\repository\net\bytebuddy\byte-buddy-agent\1.10.3\byte-buddy-agent-1.10.3.jar;C:\Users\ENGENEER\.m2\repository\org\objenesis\objenesis\2.6\objenesis-2.6.jar;C:\Users\ENGENEER\.m2\repository\org\skyscreamer\jsonassert\1.5.0\jsonassert-1.5.0.jar;C:\Users\ENGENEER\.m2\repository\com\vaadin\external\google\android-json\0.0.20131108.vaadin1\android-json-0.0.20131108.vaadin1.jar;C:\Users\ENGENEER\.m2\repository\org\springframework\spring-core\5.2.2.BUILD-SNAPSHOT\spring-core-5.2.2.BUILD-SNAPSHOT.jar;C:\Users\ENGENEER\.m2\repository\org\springframework\spring-jcl\5.2.2.BUILD-SNAPSHOT\spring-jcl-5.2.2.BUILD-SNAPSHOT.jar;C:\Users\ENGENEER\.m2\repository\org\springframework\spring-test\5.2.2.BUILD-SNAPSHOT\spring-test-5.2.2.BUILD-SNAPSHOT.jar;C:\Users\ENGENEER\.m2\repository\org\xmlunit\xmlunit-core\2.6.3\xmlunit-core-2.6.3.jar;C:\Users\ENGENEER\.m2\repository\com\orbitz\consul\consul-client\1.3.9\consul-client-1.3.9.jar;C:\Users\ENGENEER\.m2\repository\com\squareup\retrofit2\retrofit\2.5.0\retrofit-2.5.0.jar;C:\Users\ENGENEER\.m2\repository\com\squareup\retrofit2\converter-jackson\2.5.0\converter-jackson-2.5.0.jar;C:\Users\ENGENEER\.m2\repository\com\squareup\okhttp3\okhttp\3.14.4\okhttp-3.14.4.jar;C:\Users\ENGENEER\.m2\repository\com\squareup\okio\okio\1.17.2\okio-1.17.2.jar;C:\Users\ENGENEER\.m2\repository\com\google\guava\guava\27.1-jre\guava-27.1-jre.jar;C:\Users\ENGENEER\.m2\repository\com\google\guava\failureaccess\1.0.1\failureaccess-1.0.1.jar;C:\Users\ENGENEER\.m2\repository\com\google\guava\listenablefuture\9999.0-empty-to-avoid-conflict-with-guava\listenablefuture-9999.0-empty-to-avoid-conflict-with-guava.jar;C:\Users\ENGENEER\.m2\repository\org\checkerframework\checker-qual\2.5.2\checker-qual-2.5.2.jar;C:\Users\ENGENEER\.m2\repository\com\google\errorprone\error_prone_annotations\2.2.0\error_prone_annotations-2.2.0.jar;C:\Users\ENGENEER\.m2\repository\com\google\j2objc\j2objc-annotations\1.1\j2objc-annotations-1.1.jar;C:\Users\ENGENEER\.m2\repository\org\codehaus\mojo\animal-sniffer-annotations\1.17\animal-sniffer-annotations-1.17.jar;C:\Users\ENGENEER\.m2\repository\com\google\code\findbugs\jsr305\1.3.9\jsr305-1.3.9.jar;C:\Users\ENGENEER\.m2\repository\com\fasterxml\jackson\core\jackson-annotations\2.10.1\jackson-annotations-2.10.1.jar;C:\Users\ENGENEER\.m2\repository\com\fasterxml\jackson\core\jackson-core\2.10.1\jackson-core-2.10.1.jar;C:\Users\ENGENEER\.m2\repository\com\fasterxml\jackson\core\jackson-databind\2.10.1\jackson-databind-2.10.1.jar;C:\Users\ENGENEER\.m2\repository\com\fasterxml\jackson\datatype\jackson-datatype-jdk8\2.10.1\jackson-datatype-jdk8-2.10.1.jar;C:\Users\ENGENEER\.m2\repository\com\fasterxml\jackson\datatype\jackson-datatype-guava\2.10.1\jackson-datatype-guava-2.10.1.jar;C:\Users\ENGENEER\.m2\repository\org\slf4j\slf4j-api\1.7.29\slf4j-api-1.7.29.jar;C:\Users\ENGENEER\.m2\repository\org\apache\commons\commons-lang3\3.9\commons-lang3-3.9.jar;C:\Users\ENGENEER\.m2\repository\org\apache\ignite\ignite-spring-data_2.0\2.7.6\ignite-spring-data_2.0-2.7.6.jar;C:\Users\ENGENEER\.m2\repository\org\apache\ignite\ignite-core\2.7.6\ignite-core-2.7.6.jar;C:\Users\ENGENEER\.m2\repository\javax\cache\cache-api\1.1.1\cache-api-1.1.1.jar;C:\Users\ENGENEER\.m2\repository\org\jetbrains\annotations\13.0\annotations-13.0.jar;C:\Users\ENGENEER\.m2\repository\org\gridgain\ignite-shmem\1.0.0\ignite-shmem-1.0.0.jar;C:\Users\ENGENEER\.m2\repository\org\apache\ignite\ignite-indexing\2.7.6\ignite-indexing-2.7.6.jar;C:\Users\ENGENEER\.m2\repository\commons-codec\commons-codec\1.13\commons-codec-1.13.jar;C:\Users\ENGENEER\.m2\repository\org\apache\lucene\lucene-core\7.4.0\lucene-core-7.4.0.jar;C:\Users\ENGENEER\.m2\repository\org\apache\lucene\lucene-analyzers-common\7.4.0\lucene-analyzers-common-7.4.0.jar;C:\Users\ENGENEER\.m2\repository\org\apache\lucene\lucene-queryparser\7.4.0\lucene-queryparser-7.4.0.jar;C:\Users\ENGENEER\.m2\repository\org\apache\lucene\lucene-queries\7.4.0\lucene-queries-7.4.0.jar;C:\Users\ENGENEER\.m2\repository\org\apache\lucene\lucene-sandbox\7.4.0\lucene-sandbox-7.4.0.jar;C:\Users\ENGENEER\.m2\repository\com\h2database\h2\1.4.197\h2-1.4.197.jar;C:\Users\ENGENEER\.m2\repository\org\apache\ignite\ignite-spring\2.7.6\ignite-spring-2.7.6.jar;C:\Users\ENGENEER\.m2\repository\commons-logging\commons-logging\1.1.1\commons-logging-1.1.1.jar;C:\Users\ENGENEER\.m2\repository\org\springframework\spring-beans\5.2.2.BUILD-SNAPSHOT\spring-beans-5.2.2.BUILD-SNAPSHOT.jar;C:\Users\ENGENEER\.m2\repository\org\springframework\spring-context\5.2.2.BUILD-SNAPSHOT\spring-context-5.2.2.BUILD-SNAPSHOT.jar;C:\Users\ENGENEER\.m2\repository\org\springframework\spring-tx\5.2.2.BUILD-SNAPSHOT\spring-tx-5.2.2.BUILD-SNAPSHOT.jar;C:\Users\ENGENEER\.m2\repository\org\springframework\data\spring-data-commons\2.0.14.RELEASE\spring-data-commons-2.0.14.RELEASE.jar;C:\Users\ENGENEER\.m2\repository\org\springframework\boot\spring-boot-starter-jdbc\2.2.2.BUILD-SNAPSHOT\spring-boot-starter-jdbc-2.2.2.BUILD-SNAPSHOT.jar;C:\Users\ENGENEER\.m2\repository\com\zaxxer\HikariCP\3.4.1\HikariCP-3.4.1.jar;C:\Users\ENGENEER\.m2\repository\org\springframework\spring-jdbc\5.2.2.BUILD-SNAPSHOT\spring-jdbc-5.2.2.BUILD-SNAPSHOT.jar;"/>
    <property name="sun.cpu.endian" value="little"/>
    <property name="user.home" value="C:\Users\ENGENEER"/>
    <property name="user.language" value="en"/>
    <property name="java.specification.vendor" value="Oracle Corporation"/>
    <property name="java.version.date" value="2019-03-19"/>
    <property name="java.home" value="C:\Java\jdk-12"/>
    <property name="file.separator" value="\"/>
    <property name="basedir" value="C:\Users\ENGENEER\eclipse-workspace\TestJDBCSlow"/>
    <property name="java.vm.compressedOopsMode" value="Zero based"/>
    <property name="line.separator" value="&#10;"/>
    <property name="java.vm.specification.vendor" value="Oracle Corporation"/>
    <property name="java.specification.name" value="Java Platform API Specification"/>
    <property name="java.awt.graphicsenv" value="sun.awt.Win32GraphicsEnvironment"/>
    <property name="surefire.real.class.path" value="C:\Users\ENGENEER\AppData\Local\Temp\surefire4833218470059117206\surefirebooter662724783064337041.jar"/>
    <property name="user.script" value=""/>
    <property name="sun.management.compiler" value="HotSpot 64-Bit Tiered Compilers"/>
    <property name="java.runtime.version" value="12+33"/>
    <property name="user.name" value="ENGENEER"/>
    <property name="path.separator" value=";"/>
    <property name="os.version" value="10.0"/>
    <property name="java.runtime.name" value="OpenJDK Runtime Environment"/>
    <property name="file.encoding" value="Cp1252"/>
    <property name="java.vm.name" value="OpenJDK 64-Bit Server VM"/>
    <property name="localRepository" value="C:\Users\ENGENEER\.m2\repository"/>
    <property name="java.vendor.url.bug" value="https://bugreport.java.com/bugreport/"/>
    <property name="java.io.tmpdir" value="C:\Users\ENGENEER\AppData\Local\Temp\"/>
    <property name="java.version" value="12"/>
    <property name="user.dir" value="C:\Users\ENGENEER\eclipse-workspace\TestJDBCSlow"/>
    <property name="os.arch" value="amd64"/>
    <property name="java.vm.specification.name" value="Java Virtual Machine Specification"/>
    <property name="sun.os.patch.level" value=""/>
    <property name="java.library.path" value="C:\Java\jdk-12\bin;C:\WINDOWS\Sun\Java\bin;C:\WINDOWS\system32;C:\WINDOWS;C:\Program Files (x86)\Common Files\Oracle\Java\javapath;C:\Program Files (x86)\Intel\iCLS Client\;C:\Program Files\Intel\iCLS Client\;C:\Windows\system32;C:\Windows;C:\Windows\System32\Wbem;C:\Windows\System32\WindowsPowerShell\v1.0\;C:\Program Files (x86)\NVIDIA Corporation\PhysX\Common;C:\Program Files (x86)\Intel\Intel(R) Management Engine Components\DAL;C:\Program Files\Intel\Intel(R) Management Engine Components\DAL;C:\Program Files (x86)\Intel\Intel(R) Management Engine Components\IPT;C:\Program Files\Intel\Intel(R) Management Engine Components\IPT;C:\Program Files\PuTTY\;C:\WINDOWS\system32;C:\WINDOWS;C:\WINDOWS\System32\Wbem;C:\WINDOWS\System32\WindowsPowerShell\v1.0\;C:\WINDOWS\System32\OpenSSH\;C:\Program Files\NVIDIA Corporation\NVIDIA NvDLISR;C:\Java\jdk1.8.0_221\bin;E:\Program Files\Git\cmd;C:\WINDOWS\system32;C:\WINDOWS;C:\WINDOWS\System32\Wbem;C:\WINDOWS\System32\WindowsPowerShell\v1.0\;C:\WINDOWS\System32\OpenSSH\;C:\Gradle\gradle-2.9\bin;C:\Users\ENGENEER\AppData\Local\Microsoft\WindowsApps;C:\Users\ENGENEER\AppData\Local\GitHubDesktop\bin;E:\Program Files\Docker Toolbox;C:\Users\ENGENEER\AppData\Local\Microsoft\WindowsApps;;C:\Program Files\JetBrains\IntelliJ IDEA 2019.2.2\bin;;."/>
    <property name="java.vm.info" value="mixed mode, sharing"/>
    <property name="java.vendor" value="Oracle Corporation"/>
    <property name="java.vm.version" value="12+33"/>
    <property name="sun.io.unicode.encoding" value="UnicodeLittle"/>
    <property name="java.class.version" value="56.0"/>
  </properties>
  <testcase name="contextLoads" classname="com.matas.liteconstruct.TestJdbcSlowApplicationTests" time="0.428"/>
</testsuite>